{
  "RSpec": {
    "coverage": {
      "/Users/alexfreidah/tools/munchbox/chef/cookbooks/consul/libraries/consul_helpers.rb": {
        "lines": [
          null,
          null,
          null,
          null,
          null,
          null,
          null,
          null,
          null,
          1,
          null,
          1,
          4,
          1,
          2,
          1,
          null,
          null,
          null,
          null,
          1,
          1,
          null,
          null
        ]
      }
    },
    "timestamp": 1754774610
  }
}
