{
  "RSpec": {
    "coverage": {
      "/Users/alexfreidah/tools/munchbox/chef/cookbooks/nomad/libraries/helpers.rb": {
        "lines": [
          null,
          null,
          null,
          null,
          null,
          null,
          null,
          null,
          null,
          null,
          null,
          1,
          1,
          null,
          null,
          null,
          null,
          null,
          1,
          2,
          2,
          2,
          null,
          null,
          null,
          null,
          1,
          1,
          1
        ]
      }
    },
    "timestamp": 1754858829
  }
}
